<?xml version="1.0" encoding="UTF-8"?>
<!-- Generated by org.testng.reporters.JUnitXMLReporter -->
<testsuite hostname="DESKTOP-BTCK20J" ignored="0" name="WebmailTest" tests="8" failures="1" timestamp="14 Sep 2020 23:51:32 GMT" time="34.274" errors="0">
  <testcase name="loginTest" time="0.755" classname="com.webmail.testCases.TC_LoginTest_001"/>
  <testcase name="loginDDT" time="0.524" classname="com.webmail.testCases.TC_LoginDDT_002"/>
  <testcase name="loginDDT" time="0.569" classname="com.webmail.testCases.TC_LoginDDT_002"/>
  <testcase name="loginDDT" time="0.525" classname="com.webmail.testCases.TC_LoginDDT_002"/>
  <testcase name="loginDDT" time="0.553" classname="com.webmail.testCases.TC_LoginDDT_002"/>
  <testcase name="loginDDT" time="0.523" classname="com.webmail.testCases.TC_LoginDDT_002"/>
  <testcase name="linkoviTest" time="7.246" classname="com.webmail.testCases.TC_LinkoviTest_003"/>
  <testcase name="KreirajEsmetka" time="3.252" classname="com.webmail.testCases.TC_KreirajEadresa_004">
    <failure type="java.lang.AssertionError" message="expected [true] but found [false]">
      <![CDATA[java.lang.AssertionError: expected [true] but found [false]
at com.webmail.testCases.TC_KreirajEadresa_004.KreirajEsmetka(TC_KreirajEadresa_004.java:70)
... Removed 29 stack frames]]>
    </failure>
  </testcase> <!-- KreirajEsmetka -->
</testsuite> <!-- WebmailTest -->
