<?xml version="1.0" encoding="UTF-8"?>
<!-- Generated by org.testng.reporters.JUnitXMLReporter -->
<testsuite hostname="DESKTOP-BTCK20J" ignored="0" name="WebmailTest" tests="8" failures="1" timestamp="14 Sep 2020 23:38:26 GMT" time="33.343" errors="0">
  <testcase name="loginTest" time="0.693" classname="com.webmail.testCases.TC_LoginTest_001"/>
  <testcase name="loginDDT" time="0.5" classname="com.webmail.testCases.TC_LoginDDT_002"/>
  <testcase name="loginDDT" time="0.58" classname="com.webmail.testCases.TC_LoginDDT_002"/>
  <testcase name="loginDDT" time="0.47" classname="com.webmail.testCases.TC_LoginDDT_002"/>
  <testcase name="loginDDT" time="0.492" classname="com.webmail.testCases.TC_LoginDDT_002"/>
  <testcase name="loginDDT" time="0.524" classname="com.webmail.testCases.TC_LoginDDT_002"/>
  <testcase name="linkoviTest" time="7.432" classname="com.webmail.testCases.TC_LinkoviTest_003"/>
  <testcase name="KreirajEsmetka" time="3.023" classname="com.webmail.testCases.TC_KreirajEadresa_004">
    <failure type="java.lang.AssertionError" message="expected [true] but found [false]">
      <![CDATA[java.lang.AssertionError: expected [true] but found [false]
at com.webmail.testCases.TC_KreirajEadresa_004.KreirajEsmetka(TC_KreirajEadresa_004.java:70)
... Removed 32 stack frames]]>
    </failure>
  </testcase> <!-- KreirajEsmetka -->
</testsuite> <!-- WebmailTest -->
