<?xml version="1.0" encoding="UTF-8"?>
<testsuite name="TestSuite" time="11.653" tests="8" errors="0" skipped="0" failures="1">
  <properties>
[...]
</properties>
  <testcase name="loginTest" classname="com.webmail.testCases.TC_LoginTest_001" time="0.694"/>
  <testcase name="loginDDT" classname="com.webmail.testCases.TC_LoginDDT_002" time="0.5"/>
  <testcase name="loginDDT" classname="com.webmail.testCases.TC_LoginDDT_002" time="0.58"/>
  <testcase name="loginDDT" classname="com.webmail.testCases.TC_LoginDDT_002" time="0.47"/>
  <testcase name="loginDDT" classname="com.webmail.testCases.TC_LoginDDT_002" time="0.493"/>
  <testcase name="loginDDT" classname="com.webmail.testCases.TC_LoginDDT_002" time="0.524"/>
  <testcase name="linkoviTest" classname="com.webmail.testCases.TC_LinkoviTest_003" time="7.432"/>
  <testcase name="KreirajEsmetka" classname="com.webmail.testCases.TC_KreirajEadresa_004" time="3.027">
    <failure message="expected [true] but found [false]" type="java.lang.AssertionError">java.lang.AssertionError: expected [true] but found [false]
	at org.testng.Assert.fail(Assert.java:96)
	at org.testng.Assert.failNotEquals(Assert.java:776)
	at org.testng.Assert.assertTrue(Assert.java:44)
	at org.testng.Assert.assertTrue(Assert.java:54)
	at com.webmail.testCases.TC_KreirajEadresa_004.KreirajEsmetka(TC_KreirajEadresa_004.java:70)
</failure>
    <system-out><![CDATA[ INFO [main] (TC_KreirajEadresa_004.java:21)- Clicked on link
 INFO [main] (TC_KreirajEadresa_004.java:29)- Link is working
 INFO [main] (TC_KreirajEadresa_004.java:39)- Name and Surname are entered
 INFO [main] (TC_KreirajEadresa_004.java:41)- Adress is entered
 INFO [main] (TC_KreirajEadresa_004.java:43)- City is entered
 INFO [main] (TC_KreirajEadresa_004.java:45)- Phone number is entered
 INFO [main] (TC_KreirajEadresa_004.java:50)- Username is entered
MtkJGMCB96049
 INFO [main] (TC_KreirajEadresa_004.java:56)- Password is entered
 INFO [main] (TC_KreirajEadresa_004.java:58)- Password is confirmed
 INFO [main] (TC_KreirajEadresa_004.java:60)- I Agree is checked
Screenshot taken
]]></system-out>
    <system-err><![CDATA[Starting ChromeDriver 85.0.4183.87 (cd6713ebf92fa1cacc0f1a598df280093af0c5d7-refs/branch-heads/4183@{#1689}) on port 44457
Only local connections are allowed.
Please see https://chromedriver.chromium.org/security-considerations for suggestions on keeping ChromeDriver safe.
ChromeDriver was started successfully.
Sep 15, 2020 1:38:21 AM org.openqa.selenium.remote.ProtocolHandshake createSession
INFO: Detected dialect: W3C
]]></system-err>
  </testcase>
</testsuite>